GROUP,PACKAGE,CLASS,INSTRUCTION_MISSED,INSTRUCTION_COVERED,BRANCH_MISSED,BRANCH_COVERED,LINE_MISSED,LINE_COVERED,COMPLEXITY_MISSED,COMPLEXITY_COVERED,METHOD_MISSED,METHOD_COVERED
github-inti-demo,domain,Borrower.BookRecord,0,44,0,2,0,12,0,8,0,7
github-inti-demo,domain,User,10,294,3,11,4,92,3,18,0,14
github-inti-demo,domain,Admin,5,238,3,9,2,71,3,11,0,8
github-inti-demo,domain,Borrower,80,451,7,35,24,134,7,28,0,14
github-inti-demo,domain,Book,38,298,4,20,12,89,4,22,0,14
github-inti-demo,domain,BorrowingService,124,0,14,0,35,0,13,0,6,0
