<?xml version="1.0" encoding="UTF-8"?>
<testsuite xmlns:xsi="http://www.w3.org/2001/XMLSchema-instance" xsi:noNamespaceSchemaLocation="https://maven.apache.org/surefire/maven-surefire-plugin/xsd/surefire-test-report-3.0.xsd" version="3.0" name="BookTest" time="2.94" tests="19" errors="0" skipped="0" failures="0">
  <properties>
[...]
</properties>
  <testcase name="testStaticBlock_CreatesTableSuccessfully" classname="BookTest" time="0.34">
    <system-out><![CDATA[تم إنشاء جدول books للاختبار بنجاح.
]]></system-out>
  </testcase>
  <testcase name="testBorrow_UpdatesDatabaseAvailability" classname="BookTest" time="0.407">
    <system-out><![CDATA[تم إنشاء جدول books للاختبار بنجاح.
The books table has been created successfully.
The book has been added successfully: Title
The book's status has been updated: Title
]]></system-out>
  </testcase>
  <testcase name="testGetAllBooks_ReturnsAllBooks" classname="BookTest" time="0.304">
    <system-out><![CDATA[تم إنشاء جدول books للاختبار بنجاح.
The book has been added successfully: Book 1
The book has been added successfully: Book 2
Books were retrieved from the database: 2
]]></system-out>
  </testcase>
  <testcase name="testBorrow_WhenAvailable_SetsUnavailable" classname="BookTest" time="0.129">
    <system-out><![CDATA[تم إنشاء جدول books للاختبار بنجاح.
The book's status has been updated: Title
]]></system-out>
  </testcase>
  <testcase name="testAddBook_WhenIsbnExists_ReturnsNull" classname="BookTest" time="0.163">
    <system-out><![CDATA[تم إنشاء جدول books للاختبار بنجاح.
The book has been added successfully: Existing Title
The book is already available (ISBN:1234567890)
]]></system-out>
  </testcase>
  <testcase name="testUpdateAvailability_WhenNoRowsAffected_PrintsMessage" classname="BookTest" time="0.11">
    <system-out><![CDATA[تم إنشاء جدول books للاختبار بنجاح.
The book has not been updated (ID not found).
]]></system-out>
  </testcase>
  <testcase name="testGetters" classname="BookTest" time="0.072">
    <system-out><![CDATA[تم إنشاء جدول books للاختبار بنجاح.
]]></system-out>
  </testcase>
  <testcase name="testUpdateAvailability_UpdatesFieldWhenIdValid" classname="BookTest" time="0.2">
    <system-out><![CDATA[تم إنشاء جدول books للاختبار بنجاح.
The book's status has been updated: Title
]]></system-out>
  </testcase>
  <testcase name="testReturnBook_UpdatesDatabaseAvailability" classname="BookTest" time="0.307">
    <system-out><![CDATA[تم إنشاء جدول books للاختبار بنجاح.
The book has been added successfully: Title
The book's status has been updated: Title
The book's status has been updated: Title
]]></system-out>
  </testcase>
  <testcase name="testToStringWhenIsAvailableIsFalse" classname="BookTest" time="0.094">
    <system-out><![CDATA[تم إنشاء جدول books للاختبار بنجاح.
The book is not available for borrow.
]]></system-out>
  </testcase>
  <testcase name="testUpdateAvailability_WhenIdZero_PrintsMessage" classname="BookTest" time="0.143">
    <system-out><![CDATA[تم إنشاء جدول books للاختبار بنجاح.
A book cannot be updated without an ID (not saved in the database).
]]></system-out>
  </testcase>
  <testcase name="testGetAllBooks_WhenEmptyDatabase_ReturnsEmptyList" classname="BookTest" time="0.085">
    <system-out><![CDATA[تم إنشاء جدول books للاختبار بنجاح.
Books were retrieved from the database: 0
]]></system-out>
  </testcase>
  <testcase name="testBorrow_WhenNotAvailable_PrintsMessage" classname="BookTest" time="0.05">
    <system-out><![CDATA[تم إنشاء جدول books للاختبار بنجاح.
The book is not available for borrow.
]]></system-out>
  </testcase>
  <testcase name="testReturnBook_WhenNotAvailable_SetsAvailable" classname="BookTest" time="0.101">
    <system-out><![CDATA[تم إنشاء جدول books للاختبار بنجاح.
The book's status has been updated: Title
]]></system-out>
  </testcase>
  <testcase name="testAddBook_WhenSQLExceptionOccurs_ReturnsNull" classname="BookTest" time="0.157">
    <system-out><![CDATA[تم إنشاء جدول books للاختبار بنجاح.
Error in adding the book: DB Error
]]></system-out>
  </testcase>
  <testcase name="testAddBook_SuccessfulAddition_ReturnsBookObject" classname="BookTest" time="0.08">
    <system-out><![CDATA[تم إنشاء جدول books للاختبار بنجاح.
The book has been added successfully: Test Title
]]></system-out>
  </testcase>
  <testcase name="testToStringWhenIsAvailableIsTrue" classname="BookTest" time="0.031">
    <system-out><![CDATA[تم إنشاء جدول books للاختبار بنجاح.
The book is already available.
]]></system-out>
  </testcase>
  <testcase name="testReturnBook_WhenAvailable_PrintsMessage" classname="BookTest" time="0.032">
    <system-out><![CDATA[تم إنشاء جدول books للاختبار بنجاح.
The book is already available.
]]></system-out>
  </testcase>
  <testcase name="testConstructor" classname="BookTest" time="0.04">
    <system-out><![CDATA[تم إنشاء جدول books للاختبار بنجاح.
]]></system-out>
  </testcase>
</testsuite>