<?xml version="1.0" encoding="UTF-8"?>
<testsuite xmlns:xsi="http://www.w3.org/2001/XMLSchema-instance" xsi:noNamespaceSchemaLocation="https://maven.apache.org/surefire/maven-surefire-plugin/xsd/surefire-test-report-3.0.xsd" version="3.0" name="BorrowerTest" time="3.08" tests="34" errors="0" skipped="0" failures="0">
  <properties>
[...]
</properties>
  <testcase name="UserWithOverdueBooks_ConstructorAndGetters_WorkCorrectly" classname="BorrowerTest" time="0.465"/>
  <testcase name="connect_Failure" classname="BorrowerTest" time="0.085"/>
  <testcase name="mediaRecord_IsOverdue_BoundaryConditions" classname="BorrowerTest" time="0.012"/>
  <testcase name="generateOverdueReport_NoOverdueItems_PrintsNoItemsMessage" classname="BorrowerTest" time="0.276"/>
  <testcase name="payFine_SaveFineBalance_SQLException_HandlesGracefully" classname="BorrowerTest" time="0.14"/>
  <testcase name="generateOverdueReport_WithOverdueItems" classname="BorrowerTest" time="0.022"/>
  <testcase name="addBorrowRecord_SavesToDatabaseAndUpdatesList_Success" classname="BorrowerTest" time="0.102"/>
  <testcase name="mediaRecord_IsOverdueAndGetOverdueDays_CorrectCalculation" classname="BorrowerTest" time="0.084"/>
  <testcase name="addBorrowRecord_Success" classname="BorrowerTest" time="0.031"/>
  <testcase name="loadBorrowedMedia_SkipsRecord_IfMediaDetailsMissing" classname="BorrowerTest" time="0.154"/>
  <testcase name="allMethods_Handle_ConnectionNull" classname="BorrowerTest" time="0.185"/>
  <testcase name="payFine_InvalidAmount_Failure" classname="BorrowerTest" time="0.02"/>
  <testcase name="loadBorrowedMedia_CDDetailsQueryFails_RecordIsSkipped" classname="BorrowerTest" time="0.096"/>
  <testcase name="saveFineBalance_UpdateFailsThenInsertFails_HandlesGracefully" classname="BorrowerTest" time="0.037"/>
  <testcase name="generateOverdueReport_NoOverdueItems2" classname="BorrowerTest" time="0.141"/>
  <testcase name="addBorrowRecord_SQLException_Failure" classname="BorrowerTest" time="0.018"/>
  <testcase name="loadFineBalance_InitializationInsert_SQLException" classname="BorrowerTest" time="0.161"/>
  <testcase name="getUsersWithOverdueBooks_HandlesSQLException" classname="BorrowerTest" time="0.021"/>
  <testcase name="saveFineBalance_InsertNewIfUpdateFails" classname="BorrowerTest" time="0.04"/>
  <testcase name="loadFineBalance_ErrorInitializingFines_SetsBalanceToZero" classname="BorrowerTest" time="0.024"/>
  <testcase name="addBorrowRecord_ConnectionFailure_ReturnsImmediately" classname="BorrowerTest" time="0.016"/>
  <testcase name="generateOverdueReport_MultipleOverdueItems_CalculatesFinesCorrectly" classname="BorrowerTest" time="0.36"/>
  <testcase name="loadBorrowedMedia_LoadsBookAndCD_Successfully" classname="BorrowerTest" time="0.027"/>
  <testcase name="getUserId_SQLException_ReturnsNegativeOne" classname="BorrowerTest" time="0.056"/>
  <testcase name="removeBorrowRecord_UpdatesAndSavesFine_Success" classname="BorrowerTest" time="0.015"/>
  <testcase name="removeBorrowRecord_SQLExceptionOnUpdate_RecordIsNotRemoved" classname="BorrowerTest" time="0.01"/>
  <testcase name="loadBorrowedMedia_BookDetailsQueryFails_RecordIsSkipped" classname="BorrowerTest" time="0.074"/>
  <testcase name="getUsersWithOverdueBooks_NoUsersFound_ReturnsEmptyList" classname="BorrowerTest" time="0.008"/>
  <testcase name="generateOverdueReport_NoOverdueItems" classname="BorrowerTest" time="0.008"/>
  <testcase name="loadBorrowedMedia_HandlesMissingMediaDetails" classname="BorrowerTest" time="0.038"/>
  <testcase name="payFine_Failure_InvalidAmount" classname="BorrowerTest" time="0.044"/>
  <testcase name="payFine_ValidAmount_Success" classname="BorrowerTest" time="0.044"/>
  <testcase name="loadFineBalance_InitializeNewUserFine_InsertPath" classname="BorrowerTest" time="0.032"/>
  <testcase name="getUserId_UserNotFound" classname="BorrowerTest" time="0.022"/>
</testsuite>