<?xml version="1.0" encoding="UTF-8"?>
<testsuite xmlns:xsi="http://www.w3.org/2001/XMLSchema-instance" xsi:noNamespaceSchemaLocation="https://maven.apache.org/surefire/maven-surefire-plugin/xsd/surefire-test-report-3.0.xsd" version="3.0" name="EmailNotifierTest" time="0.04" tests="5" errors="0" skipped="0" failures="1">
  <properties>
[...]
</properties>
  <testcase name="testNotify_EmailServerNull" classname="EmailNotifierTest" time="0.002">
    <system-err><![CDATA[Warning: Email server not available. Notification not sent.
]]></system-err>
  </testcase>
  <testcase name="testNotify_UsernameNull" classname="EmailNotifierTest" time="0.005">
    <system-err><![CDATA[Warning: Invalid user data. Notification not sent.
]]></system-err>
  </testcase>
  <testcase name="testNotify_Success" classname="EmailNotifierTest" time="0.016">
    <failure message="&#10;Argument(s) are different! Wanted:&#10;emailServer.sendEmail(&#10;    &quot;rahaf@example.com&quot;,&#10;    &quot;Library Notification&quot;,&#10;    &quot;Your book is overdue!&quot;&#10;);&#10;-&gt; at service.EmailServer.sendEmail(EmailServer.java:154)&#10;Actual invocations have different arguments at position [0]:&#10;emailServer.sendEmail(&#10;    &quot;rahaf@gmail.com&quot;,&#10;    &quot;Library Notification&quot;,&#10;    &quot;Your book is overdue!&quot;&#10;);&#10;-&gt; at service.EmailNotifier.notify(EmailNotifier.java:66)&#10;" type="Argument(s) are different! Wanted"><![CDATA[Argument(s) are different! Wanted:
emailServer.sendEmail(
    "rahaf@example.com",
    "Library Notification",
    "Your book is overdue!"
);
-> at service.EmailServer.sendEmail(EmailServer.java:154)
Actual invocations have different arguments at position [0]:
emailServer.sendEmail(
    "rahaf@gmail.com",
    "Library Notification",
    "Your book is overdue!"
);
-> at service.EmailNotifier.notify(EmailNotifier.java:66)

	at service.EmailServer.sendEmail(EmailServer.java:154)
	at EmailNotifierTest.testNotify_Success(EmailNotifierTest.java:63)
	at java.base/java.lang.reflect.Method.invoke(Method.java:568)
	at java.base/java.util.ArrayList.forEach(ArrayList.java:1511)
	at java.base/java.util.ArrayList.forEach(ArrayList.java:1511)
]]></failure>
    <system-out><![CDATA[Email notification sent to: rahaf@gmail.com
]]></system-out>
  </testcase>
  <testcase name="testNotify_EmailServerThrowsException" classname="EmailNotifierTest" time="0.005">
    <system-err><![CDATA[Failed to send email: SMTP Error
]]></system-err>
  </testcase>
  <testcase name="testNotify_UserNull" classname="EmailNotifierTest" time="0.002">
    <system-err><![CDATA[Warning: Invalid user data. Notification not sent.
]]></system-err>
  </testcase>
</testsuite>