<?xml version="1.0" encoding="UTF-8"?>
<testsuite xmlns:xsi="http://www.w3.org/2001/XMLSchema-instance" xsi:noNamespaceSchemaLocation="https://maven.apache.org/surefire/maven-surefire-plugin/xsd/surefire-test-report-3.0.xsd" version="3.0" name="BorrowerServiceTest" time="0.697" tests="9" errors="0" skipped="0" failures="0">
  <properties>
[...]
</properties>
  <testcase name="testGenerateOverdueReport_WithItems" classname="BorrowerServiceTest" time="0.59"/>
  <testcase name="testPayFine_DAOFails" classname="BorrowerServiceTest" time="0.011"/>
  <testcase name="testPayFine_Success" classname="BorrowerServiceTest" time="0.006">
    <system-out><![CDATA[Payment of ١٠٫٠٠ successful. New balance: ١٠٫٠٠
]]></system-out>
  </testcase>
  <testcase name="testDisplayBorrowedMedia_Empty" classname="BorrowerServiceTest" time="0.012"/>
  <testcase name="testGenerateOverdueReport_NoOverdueItems" classname="BorrowerServiceTest" time="0.005"/>
  <testcase name="testDisplayBorrowedMedia_WithItems" classname="BorrowerServiceTest" time="0.022"/>
  <testcase name="testLoadBorrowerData" classname="BorrowerServiceTest" time="0.017">
    <system-out><![CDATA[Loaded 1 borrowed items for rahaf
]]></system-out>
  </testcase>
  <testcase name="testPayFine_InvalidAmount" classname="BorrowerServiceTest" time="0.005">
    <system-out><![CDATA[Invalid payment amount.
Invalid payment amount.
Invalid payment amount.
]]></system-out>
  </testcase>
  <testcase name="testLoadBorrowerData_Empty" classname="BorrowerServiceTest" time="0.009"/>
</testsuite>