<?xml version="1.0" encoding="UTF-8"?>
<testsuite xmlns:xsi="http://www.w3.org/2001/XMLSchema-instance" xsi:noNamespaceSchemaLocation="https://maven.apache.org/surefire/maven-surefire-plugin/xsd/surefire-test-report-3.0.xsd" version="3.0" name="BorrowerTest" time="1.99" tests="34" errors="0" skipped="0" failures="0">
  <properties>
[...]
</properties>
  <testcase name="UserWithOverdueBooks_ConstructorAndGetters_WorkCorrectly" classname="BorrowerTest" time="0.395"/>
  <testcase name="connect_Failure" classname="BorrowerTest" time="0.012"/>
  <testcase name="mediaRecord_IsOverdue_BoundaryConditions" classname="BorrowerTest" time="0.058"/>
  <testcase name="generateOverdueReport_NoOverdueItems_PrintsNoItemsMessage" classname="BorrowerTest" time="0.167"/>
  <testcase name="payFine_SaveFineBalance_SQLException_HandlesGracefully" classname="BorrowerTest" time="0.02"/>
  <testcase name="generateOverdueReport_WithOverdueItems" classname="BorrowerTest" time="0.055"/>
  <testcase name="addBorrowRecord_SavesToDatabaseAndUpdatesList_Success" classname="BorrowerTest" time="0.028"/>
  <testcase name="mediaRecord_IsOverdueAndGetOverdueDays_CorrectCalculation" classname="BorrowerTest" time="0.038"/>
  <testcase name="addBorrowRecord_Success" classname="BorrowerTest" time="0.016"/>
  <testcase name="loadBorrowedMedia_SkipsRecord_IfMediaDetailsMissing" classname="BorrowerTest" time="0.074"/>
  <testcase name="allMethods_Handle_ConnectionNull" classname="BorrowerTest" time="0.012"/>
  <testcase name="payFine_InvalidAmount_Failure" classname="BorrowerTest" time="0.021"/>
  <testcase name="loadBorrowedMedia_CDDetailsQueryFails_RecordIsSkipped" classname="BorrowerTest" time="0.029"/>
  <testcase name="saveFineBalance_UpdateFailsThenInsertFails_HandlesGracefully" classname="BorrowerTest" time="0.013"/>
  <testcase name="generateOverdueReport_NoOverdueItems2" classname="BorrowerTest" time="0.102"/>
  <testcase name="addBorrowRecord_SQLException_Failure" classname="BorrowerTest" time="0.017"/>
  <testcase name="loadFineBalance_InitializationInsert_SQLException" classname="BorrowerTest" time="0.036"/>
  <testcase name="getUsersWithOverdueBooks_HandlesSQLException" classname="BorrowerTest" time="0.051"/>
  <testcase name="saveFineBalance_InsertNewIfUpdateFails" classname="BorrowerTest" time="0.04"/>
  <testcase name="loadFineBalance_ErrorInitializingFines_SetsBalanceToZero" classname="BorrowerTest" time="0.097"/>
  <testcase name="addBorrowRecord_ConnectionFailure_ReturnsImmediately" classname="BorrowerTest" time="0.016"/>
  <testcase name="generateOverdueReport_MultipleOverdueItems_CalculatesFinesCorrectly" classname="BorrowerTest" time="0.235"/>
  <testcase name="loadBorrowedMedia_LoadsBookAndCD_Successfully" classname="BorrowerTest" time="0.034"/>
  <testcase name="getUserId_SQLException_ReturnsNegativeOne" classname="BorrowerTest" time="0.064"/>
  <testcase name="removeBorrowRecord_UpdatesAndSavesFine_Success" classname="BorrowerTest" time="0.013"/>
  <testcase name="removeBorrowRecord_SQLExceptionOnUpdate_RecordIsNotRemoved" classname="BorrowerTest" time="0.014"/>
  <testcase name="loadBorrowedMedia_BookDetailsQueryFails_RecordIsSkipped" classname="BorrowerTest" time="0.047"/>
  <testcase name="getUsersWithOverdueBooks_NoUsersFound_ReturnsEmptyList" classname="BorrowerTest" time="0.012"/>
  <testcase name="generateOverdueReport_NoOverdueItems" classname="BorrowerTest" time="0.009"/>
  <testcase name="loadBorrowedMedia_HandlesMissingMediaDetails" classname="BorrowerTest" time="0.06"/>
  <testcase name="payFine_Failure_InvalidAmount" classname="BorrowerTest" time="0.011"/>
  <testcase name="payFine_ValidAmount_Success" classname="BorrowerTest" time="0.011"/>
  <testcase name="loadFineBalance_InitializeNewUserFine_InsertPath" classname="BorrowerTest" time="0.01"/>
  <testcase name="getUserId_UserNotFound" classname="BorrowerTest" time="0.016"/>
</testsuite>